2022-10-08 15:59:43.282  INFO 26542 --- [main] br.com.paulojof.controller.ActuatorTest  : Starting ActuatorTest using Java 17.0.4 on paulo-ubuntu with PID 26542 (started by paulo in /home/paulo/Dev/spring-base-archetype)
2022-10-08 15:59:43.283 DEBUG 26542 --- [main] br.com.paulojof.controller.ActuatorTest  : Running with Spring Boot v2.7.4, Spring v5.3.23
2022-10-08 15:59:43.284  INFO 26542 --- [main] br.com.paulojof.controller.ActuatorTest  : The following 1 profile is active: "test"
2022-10-08 15:59:44.216  INFO 26542 --- [main] .s.d.r.c.RepositoryConfigurationDelegate : Bootstrapping Spring Data JPA repositories in DEFAULT mode.
2022-10-08 15:59:44.235  INFO 26542 --- [main] .s.d.r.c.RepositoryConfigurationDelegate : Finished Spring Data repository scanning in 10 ms. Found 0 JPA repository interfaces.
2022-10-08 15:59:44.849  INFO 26542 --- [main] o.hibernate.jpa.internal.util.LogHelper  : HHH000204: Processing PersistenceUnitInfo [name: default]
2022-10-08 15:59:44.924  INFO 26542 --- [main] org.hibernate.Version                    : HHH000412: Hibernate ORM core version 5.6.11.Final
2022-10-08 15:59:45.117  INFO 26542 --- [main] o.hibernate.annotations.common.Version   : HCANN000001: Hibernate Commons Annotations {5.1.2.Final}
2022-10-08 15:59:45.260  INFO 26542 --- [main] com.zaxxer.hikari.HikariDataSource       : HikariPool-1 - Starting...
2022-10-08 15:59:45.643  INFO 26542 --- [main] com.zaxxer.hikari.HikariDataSource       : HikariPool-1 - Start completed.
2022-10-08 15:59:45.666  INFO 26542 --- [main] org.hibernate.dialect.Dialect            : HHH000400: Using dialect: org.hibernate.dialect.MySQL8Dialect
2022-10-08 15:59:46.253  INFO 26542 --- [main] o.h.e.t.j.p.i.JtaPlatformInitiator       : HHH000490: Using JtaPlatform implementation: [org.hibernate.engine.transaction.jta.platform.internal.NoJtaPlatform]
2022-10-08 15:59:46.263  INFO 26542 --- [main] j.LocalContainerEntityManagerFactoryBean : Initialized JPA EntityManagerFactory for persistence unit 'default'
2022-10-08 15:59:46.782  WARN 26542 --- [main] JpaBaseConfiguration$JpaWebConfiguration : spring.jpa.open-in-view is enabled by default. Therefore, database queries may be performed during view rendering. Explicitly configure spring.jpa.open-in-view to disable this warning
2022-10-08 15:59:47.411  INFO 26542 --- [main] o.s.b.t.m.w.SpringBootMockServletContext : Initializing Spring TestDispatcherServlet ''
2022-10-08 15:59:47.411  INFO 26542 --- [main] o.s.t.web.servlet.TestDispatcherServlet  : Initializing Servlet ''
2022-10-08 15:59:47.421  INFO 26542 --- [main] o.s.b.a.e.web.EndpointLinksResolver      : Exposing 2 endpoint(s) beneath base path '/v1/actuator'
2022-10-08 15:59:47.440  INFO 26542 --- [main] o.s.t.web.servlet.TestDispatcherServlet  : Completed initialization in 29 ms
2022-10-08 15:59:47.479  INFO 26542 --- [main] br.com.paulojof.controller.ActuatorTest  : Started ActuatorTest in 4.617 seconds (JVM running for 5.831)
2022-10-08 15:59:48.007  INFO 26542 --- [SpringApplicationShutdownHook] j.LocalContainerEntityManagerFactoryBean : Closing JPA EntityManagerFactory for persistence unit 'default'
2022-10-08 15:59:48.010  INFO 26542 --- [SpringApplicationShutdownHook] com.zaxxer.hikari.HikariDataSource       : HikariPool-1 - Shutdown initiated...
2022-10-08 15:59:48.012  INFO 26542 --- [SpringApplicationShutdownHook] com.zaxxer.hikari.HikariDataSource       : HikariPool-1 - Shutdown completed.
